<?xml version="1.0" encoding="UTF-8"?>
<!-- Generated by org.testng.reporters.JUnitReportReporter -->
<testsuite hostname="DESKTOP-MUG33TE" failures="0" tests="1" name="practice.WriteResponseInJSONfile" time="4.258" errors="0" timestamp="2023-02-26T12:33:35 IST" skipped="0">
  <testcase classname="practice.WriteResponseInJSONfile" name="responseBody" time="4.258"/>
  <system-out/>
</testsuite> <!-- practice.WriteResponseInJSONfile -->
