<?xml version="1.0" encoding="UTF-8"?>
<!-- Generated by org.testng.reporters.JUnitReportReporter -->
<testsuite hostname="DESKTOP-MUG33TE" failures="0" tests="1" name="threeLayerTestingUsingBaseClass.CreateInAPI_ValidateInGUI_DeleteInDatabase_Test" time="27.209" errors="0" timestamp="2023-03-02T12:10:41 IST" skipped="0">
  <testcase classname="threeLayerTestingUsingBaseClass.CreateInAPI_ValidateInGUI_DeleteInDatabase_Test" name="endToEndScenario1" time="27.209"/>
  <system-out/>
</testsuite> <!-- threeLayerTestingUsingBaseClass.CreateInAPI_ValidateInGUI_DeleteInDatabase_Test -->
