<?xml version="1.0" encoding="UTF-8"?>
<!-- Generated by org.testng.reporters.JUnitReportReporter -->
<testsuite hostname="DESKTOP-MUG33TE" failures="0" tests="1" name="differentTypesofPostMethod.createProjectWithExternalFile" time="2.591" errors="0" timestamp="2023-02-20T14:46:15 IST" skipped="0">
  <testcase classname="differentTypesofPostMethod.createProjectWithExternalFile" name="project" time="2.591"/>
  <system-out/>
</testsuite> <!-- differentTypesofPostMethod.createProjectWithExternalFile -->
