<?xml version="1.0" encoding="UTF-8"?>
<!-- Generated by org.testng.reporters.JUnitReportReporter -->
<testsuite hostname="DESKTOP-MUG33TE" failures="0" tests="1" name="deserialisation.Employee_Array_Class" time="0.390" errors="0" timestamp="2023-02-17T12:51:56 IST" skipped="0">
  <testcase classname="deserialisation.Employee_Array_Class" name="employeeArrayDeserialisation" time="0.390"/>
  <system-out/>
</testsuite> <!-- deserialisation.Employee_Array_Class -->
