<?xml version="1.0" encoding="UTF-8"?>
<!-- Generated by org.testng.reporters.JUnitReportReporter -->
<testsuite hostname="DESKTOP-MUG33TE" failures="0" tests="1" name="deserialisation.EmployeeWithObject_Deserialisation" time="0.368" errors="0" timestamp="2023-02-17T16:09:30 IST" skipped="0">
  <testcase classname="deserialisation.EmployeeWithObject_Deserialisation" name="employeeWithObjectDesrn" time="0.368"/>
  <system-out/>
</testsuite> <!-- deserialisation.EmployeeWithObject_Deserialisation -->
