<?xml version="1.0" encoding="UTF-8"?>
<!-- Generated by org.testng.reporters.JUnitReportReporter -->
<testsuite hostname="DESKTOP-MUG33TE" failures="0" tests="1" name="validation.GET" time="2.436" errors="0" timestamp="2023-03-06T11:11:36 IST" skipped="0">
  <testcase classname="validation.GET" name="get" time="2.436"/>
  <system-out/>
</testsuite> <!-- validation.GET -->
