<?xml version="1.0" encoding="UTF-8"?>
<!-- Generated by org.testng.reporters.JUnitReportReporter -->
<testsuite hostname="DESKTOP-MUG33TE" failures="0" tests="1" name="deserialisation.EmployeeClass" time="0.420" errors="0" timestamp="2023-02-17T12:00:00 IST" skipped="0">
  <testcase classname="deserialisation.EmployeeClass" name="employeeDesn" time="0.420"/>
  <system-out/>
</testsuite> <!-- deserialisation.EmployeeClass -->
