<?xml version="1.0" encoding="UTF-8"?>
<!-- Generated by org.testng.reporters.JUnitReportReporter -->
<testsuite hostname="DESKTOP-MUG33TE" failures="0" tests="1" name="CRUDwithoutBDD.CreateProject" time="3.396" errors="0" timestamp="2023-02-17T16:19:36 IST" skipped="0">
  <testcase classname="CRUDwithoutBDD.CreateProject" name="createProject" time="3.396"/>
  <system-out/>
</testsuite> <!-- CRUDwithoutBDD.CreateProject -->
