<?xml version="1.0" encoding="UTF-8"?>
<!-- Generated by org.testng.reporters.JUnitReportReporter -->
<testsuite hostname="DESKTOP-MUG33TE" failures="0" tests="1" name="validation.dynamicResponseValidation" time="6.132" errors="0" timestamp="2023-02-21T15:38:34 IST" skipped="0">
  <testcase classname="validation.dynamicResponseValidation" name="dynamicResponse" time="6.132"/>
  <system-out/>
</testsuite> <!-- validation.dynamicResponseValidation -->
