<?xml version="1.0" encoding="UTF-8"?>
<!-- Generated by org.testng.reporters.JUnitReportReporter -->
<testsuite hostname="DESKTOP-MUG33TE" failures="0" tests="1" name="threeLayerTestingUsingBaseClass.CreateInGUI_UpdateInAPI_DeleteteInDB" time="40.273" errors="0" timestamp="2023-03-02T15:46:06 IST" skipped="0">
  <testcase classname="threeLayerTestingUsingBaseClass.CreateInGUI_UpdateInAPI_DeleteteInDB" name="endToEndScenario4" time="40.273"/>
  <system-out/>
</testsuite> <!-- threeLayerTestingUsingBaseClass.CreateInGUI_UpdateInAPI_DeleteteInDB -->
