<?xml version="1.0" encoding="UTF-8"?>
<!-- Generated by org.testng.reporters.JUnitReportReporter -->
<testsuite hostname="DESKTOP-MUG33TE" failures="0" tests="1" name="CRUDwithBDD.CreateProject" time="3.087" errors="0" timestamp="2023-02-24T15:42:30 IST" skipped="0">
  <testcase classname="CRUDwithBDD.CreateProject" name="createProject" time="3.087"/>
  <system-out/>
</testsuite> <!-- CRUDwithBDD.CreateProject -->
