<?xml version="1.0" encoding="UTF-8"?>
<!-- Generated by org.testng.reporters.JUnitReportReporter -->
<testsuite hostname="DESKTOP-MUG33TE" failures="0" tests="1" name="authentication.OAuth2_THREE" time="5.803" errors="0" timestamp="2023-02-23T16:02:18 IST" skipped="0">
  <testcase classname="authentication.OAuth2_THREE" name="third" time="5.803"/>
  <system-out/>
</testsuite> <!-- authentication.OAuth2_THREE -->
