<?xml version="1.0" encoding="UTF-8"?>
<!-- Generated by org.testng.reporters.JUnitReportReporter -->
<testsuite hostname="DESKTOP-MUG33TE" failures="0" tests="1" name="threeLayerTestingUsingBaseClass.CreateInGUI_UpdateInAPI_ValidateInDB" time="67.271" errors="0" timestamp="2023-03-02T13:28:27 IST" skipped="0">
  <testcase classname="threeLayerTestingUsingBaseClass.CreateInGUI_UpdateInAPI_ValidateInDB" name="endToEndScenario2" time="67.271"/>
  <system-out/>
</testsuite> <!-- threeLayerTestingUsingBaseClass.CreateInGUI_UpdateInAPI_ValidateInDB -->
