<?xml version="1.0" encoding="UTF-8"?>
<!-- Generated by org.testng.reporters.JUnitReportReporter -->
<testsuite hostname="DESKTOP-MUG33TE" failures="0" tests="1" name="serialisation.EmployeeSerialisation" time="0.558" errors="0" timestamp="2023-02-17T11:57:00 IST" skipped="0">
  <testcase classname="serialisation.EmployeeSerialisation" name="employee" time="0.558"/>
  <system-out/>
</testsuite> <!-- serialisation.EmployeeSerialisation -->
