<?xml version="1.0" encoding="UTF-8"?>
<!-- Generated by org.testng.reporters.JUnitReportReporter -->
<testsuite hostname="DESKTOP-MUG33TE" failures="0" tests="1" name="authentication.BearerToken_Delete" time="4.413" errors="0" timestamp="2023-02-23T13:16:25 IST" skipped="0">
  <testcase classname="authentication.BearerToken_Delete" name="delete" time="4.413"/>
  <system-out/>
</testsuite> <!-- authentication.BearerToken_Delete -->
