<?xml version="1.0" encoding="UTF-8"?>
<!-- Generated by org.testng.reporters.JUnitReportReporter -->
<testsuite hostname="DESKTOP-MUG33TE" failures="0" tests="1" name="authentication.OAuth2" time="5.006" errors="0" timestamp="2023-02-23T15:37:12 IST" skipped="0">
  <testcase classname="authentication.OAuth2" name="oAuth" time="5.006"/>
  <system-out/>
</testsuite> <!-- authentication.OAuth2 -->
