<?xml version="1.0" encoding="UTF-8"?>
<!-- Generated by org.testng.reporters.JUnitReportReporter -->
<testsuite hostname="DESKTOP-MUG33TE" failures="0" tests="1" name="CRUDwithBDD.readAllProjects" time="8.897" errors="0" timestamp="2023-02-21T15:16:40 IST" skipped="0">
  <testcase classname="CRUDwithBDD.readAllProjects" name="readProjects" time="8.897"/>
  <system-out/>
</testsuite> <!-- CRUDwithBDD.readAllProjects -->
