<?xml version="1.0" encoding="UTF-8"?>
<!-- Generated by org.testng.reporters.JUnitReportReporter -->
<testsuite hostname="DESKTOP-MUG33TE" failures="0" tests="1" name="requestChaining.requestChainingWithVariable" time="6.495" errors="0" timestamp="2023-02-22T11:22:33 IST" skipped="0">
  <testcase classname="requestChaining.requestChainingWithVariable" name="createAndFetchProject" time="6.495"/>
  <system-out/>
</testsuite> <!-- requestChaining.requestChainingWithVariable -->
