<?xml version="1.0" encoding="UTF-8"?>
<!-- Generated by org.testng.reporters.JUnitReportReporter -->
<testsuite hostname="DESKTOP-MUG33TE" failures="0" tests="1" name="threeLayerTestingUsingBaseClass.CreateInGUI_DeleteInAPI_ValidateInDB" time="29.874" errors="0" timestamp="2023-03-02T15:23:32 IST" skipped="0">
  <testcase classname="threeLayerTestingUsingBaseClass.CreateInGUI_DeleteInAPI_ValidateInDB" name="endToEndScenario3" time="29.874"/>
  <system-out/>
</testsuite> <!-- threeLayerTestingUsingBaseClass.CreateInGUI_DeleteInAPI_ValidateInDB -->
