<?xml version="1.0" encoding="UTF-8"?>
<!-- Generated by org.testng.reporters.JUnitReportReporter -->
<testsuite hostname="DESKTOP-MUG33TE" failures="0" tests="1" name="authentication.OAuth2_TWO" time="5.578" errors="0" timestamp="2023-02-23T16:10:52 IST" skipped="0">
  <testcase classname="authentication.OAuth2_TWO" name="second" time="5.578"/>
  <system-out/>
</testsuite> <!-- authentication.OAuth2_TWO -->
