<?xml version="1.0" encoding="UTF-8"?>
<!-- Generated by org.testng.reporters.JUnitReportReporter -->
<testsuite hostname="DESKTOP-MUG33TE" failures="0" tests="1" name="authentication.OAuth2_GET" time="4.461" errors="0" timestamp="2023-02-23T16:22:19 IST" skipped="0">
  <testcase classname="authentication.OAuth2_GET" name="get" time="4.461"/>
  <system-out/>
</testsuite> <!-- authentication.OAuth2_GET -->
