<?xml version="1.0" encoding="UTF-8"?>
<!-- Generated by org.testng.reporters.JUnitReportReporter -->
<testsuite hostname="DESKTOP-MUG33TE" failures="0" tests="1" name="CRUDwithBDD.deleteProject" time="3.049" errors="0" timestamp="2023-02-20T12:20:12 IST" skipped="0">
  <testcase classname="CRUDwithBDD.deleteProject" name="deleteProject" time="3.049"/>
  <system-out/>
</testsuite> <!-- CRUDwithBDD.deleteProject -->
