<?xml version="1.0" encoding="UTF-8"?>
<!-- Generated by org.testng.reporters.JUnitReportReporter -->
<testsuite hostname="DESKTOP-MUG33TE" failures="0" tests="1" name="Parameters.FormParameter" time="2.906" errors="0" timestamp="2023-02-20T17:36:23 IST" skipped="0">
  <testcase classname="Parameters.FormParameter" name="formPAram" time="2.906"/>
  <system-out/>
</testsuite> <!-- Parameters.FormParameter -->
