<?xml version="1.0" encoding="UTF-8"?>
<!-- Generated by org.testng.reporters.JUnitReportReporter -->
<testsuite hostname="DESKTOP-MUG33TE" failures="0" tests="1" name="practice.update" time="3.952" errors="0" timestamp="2023-02-28T11:54:30 IST" skipped="0">
  <testcase classname="practice.update" name="update" time="3.952"/>
  <system-out/>
</testsuite> <!-- practice.update -->
