<?xml version="1.0" encoding="UTF-8"?>
<!-- Generated by org.testng.reporters.JUnitReportReporter -->
<testsuite hostname="DESKTOP-MUG33TE" failures="0" tests="1" name="serialisation.EmployeeWithObject_Serialisation" time="0.452" errors="0" timestamp="2023-02-17T12:55:40 IST" skipped="0">
  <testcase classname="serialisation.EmployeeWithObject_Serialisation" name="employeeWithObjectSeri" time="0.452"/>
  <system-out/>
</testsuite> <!-- serialisation.EmployeeWithObject_Serialisation -->
