<?xml version="1.0" encoding="UTF-8"?>
<!-- Generated by org.testng.reporters.JUnitReportReporter -->
<testsuite hostname="DESKTOP-MUG33TE" failures="0" tests="3" name="DataDrivenTesting.DataDrivenTesting_DataProvider" time="6.231" errors="0" timestamp="2023-02-22T12:21:24 IST" skipped="0">
  <testcase classname="DataDrivenTesting.DataDrivenTesting_DataProvider" name="createProjects" time="0.131"/>
  <system-out/>
  <testcase classname="DataDrivenTesting.DataDrivenTesting_DataProvider" name="createProjects" time="5.955"/>
  <system-out/>
  <testcase classname="DataDrivenTesting.DataDrivenTesting_DataProvider" name="createProjects" time="0.145"/>
  <system-out/>
</testsuite> <!-- DataDrivenTesting.DataDrivenTesting_DataProvider -->
