<?xml version="1.0" encoding="UTF-8"?>
<!-- Generated by org.testng.reporters.JUnitReportReporter -->
<testsuite hostname="DESKTOP-MUG33TE" failures="0" tests="1" name="authentication.OAuth2_FIFTH" time="5.426" errors="0" timestamp="2023-02-23T16:11:36 IST" skipped="0">
  <testcase classname="authentication.OAuth2_FIFTH" name="fifth" time="5.426"/>
  <system-out/>
</testsuite> <!-- authentication.OAuth2_FIFTH -->
