<?xml version="1.0" encoding="UTF-8"?>
<!-- Generated by org.testng.reporters.JUnitReportReporter -->
<testsuite hostname="DESKTOP-MUG33TE" failures="0" tests="1" name="differentTypesofPostMethod.createProjectWithJSONObject" time="3.968" errors="0" timestamp="2023-02-20T15:14:23 IST" skipped="0">
  <testcase classname="differentTypesofPostMethod.createProjectWithJSONObject" name="jsonObject" time="3.968"/>
  <system-out/>
</testsuite> <!-- differentTypesofPostMethod.createProjectWithJSONObject -->
