<?xml version="1.0" encoding="UTF-8"?>
<!-- Generated by org.testng.reporters.JUnitReportReporter -->
<testsuite hostname="DESKTOP-MUG33TE" failures="0" tests="1" name="practice.Cookies" time="3.574" errors="0" timestamp="2023-02-26T12:19:58 IST" skipped="0">
  <testcase classname="practice.Cookies" name="getCookies" time="3.574"/>
  <system-out/>
</testsuite> <!-- practice.Cookies -->
