<?xml version="1.0" encoding="UTF-8"?>
<!-- Generated by org.testng.reporters.JUnitReportReporter -->
<testsuite hostname="DESKTOP-MUG33TE" failures="0" tests="1" name="threeLayerTesting.AddProject" time="21.427" errors="0" timestamp="2023-02-27T12:41:43 IST" skipped="0">
  <testcase classname="threeLayerTesting.AddProject" name="addProject" time="21.427"/>
  <system-out/>
</testsuite> <!-- threeLayerTesting.AddProject -->
