<?xml version="1.0" encoding="UTF-8"?>
<!-- Generated by org.testng.reporters.JUnitReportReporter -->
<testsuite hostname="DESKTOP-MUG33TE" failures="0" tests="1" name="validation.POST" time="3.098" errors="0" timestamp="2023-02-28T12:11:44 IST" skipped="0">
  <testcase classname="validation.POST" name="post" time="3.098"/>
  <system-out/>
</testsuite> <!-- validation.POST -->
