<?xml version="1.0" encoding="UTF-8"?>
<!-- Generated by org.testng.reporters.JUnitReportReporter -->
<testsuite hostname="DESKTOP-MUG33TE" failures="0" tests="1" name="CRUDwithBDD.readSingleProject" time="3.278" errors="0" timestamp="2023-02-20T12:18:07 IST" skipped="0">
  <testcase classname="CRUDwithBDD.readSingleProject" name="readProject" time="3.278"/>
  <system-out/>
</testsuite> <!-- CRUDwithBDD.readSingleProject -->
