<?xml version="1.0" encoding="UTF-8"?>
<!-- Generated by org.testng.reporters.JUnitReportReporter -->
<testsuite hostname="DESKTOP-MUG33TE" failures="0" tests="1" name="CRUDwithoutBDD.UpdateProject" time="2.938" errors="0" timestamp="2023-02-17T16:56:52 IST" skipped="0">
  <testcase classname="CRUDwithoutBDD.UpdateProject" name="modify" time="2.938"/>
  <system-out/>
</testsuite> <!-- CRUDwithoutBDD.UpdateProject -->
