<?xml version="1.0" encoding="UTF-8"?>
<!-- Generated by org.testng.reporters.JUnitReportReporter -->
<testsuite hostname="DESKTOP-MUG33TE" failures="0" tests="1" name="threeLayerTesting.createProjectInUIDeleteInAPI" time="80.686" errors="0" timestamp="2023-02-27T12:45:37 IST" skipped="0">
  <testcase classname="threeLayerTesting.createProjectInUIDeleteInAPI" name="cAPIdUI" time="80.686"/>
  <system-out/>
</testsuite> <!-- threeLayerTesting.createProjectInUIDeleteInAPI -->
