<?xml version="1.0" encoding="UTF-8"?>
<!-- Generated by org.testng.reporters.JUnitReportReporter -->
<testsuite hostname="DESKTOP-MUG33TE" failures="0" tests="1" name="threeLayerTesting.UItoAPIvalidation" time="12.643" errors="0" timestamp="2023-02-27T12:38:53 IST" skipped="0">
  <testcase classname="threeLayerTesting.UItoAPIvalidation" name="uiValidate" time="12.643"/>
  <system-out/>
</testsuite> <!-- threeLayerTesting.UItoAPIvalidation -->
