<?xml version="1.0" encoding="UTF-8"?>
<!-- Generated by org.testng.reporters.JUnitReportReporter -->
<testsuite hostname="DESKTOP-MUG33TE" failures="0" tests="1" name="Parameters.PathParameter" time="3.554" errors="0" timestamp="2023-02-20T17:16:02 IST" skipped="0">
  <testcase classname="Parameters.PathParameter" name="pathParam" time="3.554"/>
  <system-out/>
</testsuite> <!-- Parameters.PathParameter -->
