<?xml version="1.0" encoding="UTF-8"?>
<!-- Generated by org.testng.reporters.JUnitReportReporter -->
<testsuite hostname="DESKTOP-MUG33TE" failures="0" tests="1" name="practice.UploadImageInPetstore" time="6.530" errors="0" timestamp="2023-02-27T10:43:07 IST" skipped="0">
  <testcase classname="practice.UploadImageInPetstore" name="image" time="6.530"/>
  <system-out/>
</testsuite> <!-- practice.UploadImageInPetstore -->
