<?xml version="1.0" encoding="UTF-8"?>
<!-- Generated by org.testng.reporters.JUnitReportReporter -->
<testsuite hostname="DESKTOP-MUG33TE" failures="0" tests="1" name="threeLayerTesting.CreateInAPIValidateInGUIDeleteInDatabase" time="18.858" errors="0" timestamp="2023-02-27T15:06:23 IST" skipped="0">
  <testcase classname="threeLayerTesting.CreateInAPIValidateInGUIDeleteInDatabase" name="project" time="18.858"/>
  <system-out/>
</testsuite> <!-- threeLayerTesting.CreateInAPIValidateInGUIDeleteInDatabase -->
