<?xml version="1.0" encoding="UTF-8"?>
<!-- Generated by org.testng.reporters.JUnitReportReporter -->
<testsuite hostname="DESKTOP-MUG33TE" failures="0" tests="1" name="authentication.BearerToken" time="6.171" errors="0" timestamp="2023-02-23T13:15:48 IST" skipped="0">
  <testcase classname="authentication.BearerToken" name="bearerToken" time="6.171"/>
  <system-out/>
</testsuite> <!-- authentication.BearerToken -->
