<?xml version="1.0" encoding="UTF-8"?>
<!-- Generated by org.testng.reporters.JUnitReportReporter -->
<testsuite hostname="DESKTOP-MUG33TE" failures="0" tests="1" name="threeLayerTesting.CreateInGUI_UpdateInDB_ValidateInAPI_Test" time="26.799" errors="0" timestamp="2023-02-27T16:05:36 IST" skipped="0">
  <testcase classname="threeLayerTesting.CreateInGUI_UpdateInDB_ValidateInAPI_Test" name="guiDBAPI" time="26.799"/>
  <system-out/>
</testsuite> <!-- threeLayerTesting.CreateInGUI_UpdateInDB_ValidateInAPI_Test -->
