<?xml version="1.0" encoding="UTF-8"?>
<!-- Generated by org.testng.reporters.JUnitReportReporter -->
<testsuite hostname="DESKTOP-MUG33TE" failures="0" tests="1" name="authentication.OAuth2_Fourth" time="5.794" errors="0" timestamp="2023-02-23T16:07:00 IST" skipped="0">
  <testcase classname="authentication.OAuth2_Fourth" name="fourth" time="5.794"/>
  <system-out/>
</testsuite> <!-- authentication.OAuth2_Fourth -->
