<?xml version="1.0" encoding="UTF-8"?>
<!-- Generated by org.testng.reporters.JUnitReportReporter -->
<testsuite hostname="DESKTOP-MUG33TE" failures="0" tests="1" name="Parameters.QueryParameter" time="5.026" errors="0" timestamp="2023-02-20T17:25:03 IST" skipped="0">
  <testcase classname="Parameters.QueryParameter" name="queryParam" time="5.026"/>
  <system-out/>
</testsuite> <!-- Parameters.QueryParameter -->
