<?xml version="1.0" encoding="UTF-8"?>
<!-- Generated by org.testng.reporters.JUnitReportReporter -->
<testsuite hostname="DESKTOP-MUG33TE" failures="0" tests="1" name="threeLayerTesting.CreatevalidateDelete" time="35.999" errors="0" timestamp="2023-02-27T12:20:10 IST" skipped="0">
  <testcase classname="threeLayerTesting.CreatevalidateDelete" name="CVD" time="35.999"/>
  <system-out/>
</testsuite> <!-- threeLayerTesting.CreatevalidateDelete -->
