<?xml version="1.0" encoding="UTF-8"?>
<!-- Generated by org.testng.reporters.JUnitReportReporter -->
<testsuite hostname="DESKTOP-MUG33TE" failures="0" tests="1" name="authentication.BasicAuth" time="4.742" errors="0" timestamp="2023-02-23T10:58:49 IST" skipped="0">
  <testcase classname="authentication.BasicAuth" name="name" time="4.742"/>
  <system-out/>
</testsuite> <!-- authentication.BasicAuth -->
