<?xml version="1.0" encoding="UTF-8"?>
<!-- Generated by org.testng.reporters.JUnitReportReporter -->
<testsuite hostname="DESKTOP-MUG33TE" failures="0" tests="1" name="serialisation.EmployeeDeserialisation" time="0.417" errors="0" timestamp="2023-02-17T11:59:04 IST" skipped="0">
  <testcase classname="serialisation.EmployeeDeserialisation" name="employeeDesn" time="0.417"/>
  <system-out/>
</testsuite> <!-- serialisation.EmployeeDeserialisation -->
