<?xml version="1.0" encoding="UTF-8"?>
<!-- Generated by org.testng.reporters.JUnitReportReporter -->
<testsuite hostname="DESKTOP-MUG33TE" failures="0" tests="1" name="requestChaining.CreateProject" time="4.373" errors="0" timestamp="2023-02-22T11:00:56 IST" skipped="0">
  <testcase classname="requestChaining.CreateProject" name="createProject" time="4.373"/>
  <system-out/>
</testsuite> <!-- requestChaining.CreateProject -->
