<?xml version="1.0" encoding="UTF-8"?>
<!-- Generated by org.testng.reporters.JUnitReportReporter -->
<testsuite hostname="DESKTOP-MUG33TE" failures="0" tests="1" name="CRUDwithoutBDD.ReadSingleProject" time="2.385" errors="0" timestamp="2023-02-17T17:05:56 IST" skipped="0">
  <testcase classname="CRUDwithoutBDD.ReadSingleProject" name="readProject" time="2.385"/>
  <system-out/>
</testsuite> <!-- CRUDwithoutBDD.ReadSingleProject -->
