<?xml version="1.0" encoding="UTF-8"?>
<!-- Generated by org.testng.reporters.JUnitReportReporter -->
<testsuite hostname="DESKTOP-MUG33TE" failures="0" tests="1" name="differentTypesofPostMethod.craeteProjectWithHashMap" time="4.384" errors="0" timestamp="2023-02-20T14:57:07 IST" skipped="0">
  <testcase classname="differentTypesofPostMethod.craeteProjectWithHashMap" name="hashMap" time="4.384"/>
  <system-out/>
</testsuite> <!-- differentTypesofPostMethod.craeteProjectWithHashMap -->
