<?xml version="1.0" encoding="UTF-8"?>
<!-- Generated by org.testng.reporters.JUnitReportReporter -->
<testsuite hostname="DESKTOP-MUG33TE" failures="0" tests="1" name="CRUDwithBDD.updateProject" time="4.398" errors="0" timestamp="2023-02-20T12:19:19 IST" skipped="0">
  <testcase classname="CRUDwithBDD.updateProject" name="updateProject" time="4.398"/>
  <system-out/>
</testsuite> <!-- CRUDwithBDD.updateProject -->
