<?xml version="1.0" encoding="UTF-8"?>
<!-- Generated by org.testng.reporters.JUnitReportReporter -->
<testsuite hostname="DESKTOP-MUG33TE" failures="0" tests="1" name="CRUDwithoutBDD.ReadAllProjects" time="11.298" errors="0" timestamp="2023-02-20T17:13:25 IST" skipped="0">
  <testcase classname="CRUDwithoutBDD.ReadAllProjects" name="readProjects" time="11.298"/>
  <system-out/>
</testsuite> <!-- CRUDwithoutBDD.ReadAllProjects -->
