<?xml version="1.0" encoding="UTF-8"?>
<!-- Generated by org.testng.reporters.JUnitReportReporter -->
<testsuite hostname="DESKTOP-MUG33TE" failures="0" tests="1" name="validation.Header_Validation" time="2.576" errors="0" timestamp="2023-03-06T11:15:05 IST" skipped="0">
  <testcase classname="validation.Header_Validation" name="hraderValidation" time="2.576"/>
  <system-out/>
</testsuite> <!-- validation.Header_Validation -->
