<?xml version="1.0" encoding="UTF-8"?>
<!-- Generated by org.testng.reporters.JUnitReportReporter -->
<testsuite hostname="DESKTOP-MUG33TE" failures="0" tests="1" name="validation.StaticResponseValidation" time="9.837" errors="0" timestamp="2023-02-21T15:17:59 IST" skipped="0">
  <testcase classname="validation.StaticResponseValidation" name="staticResponseValidation" time="9.837"/>
  <system-out/>
</testsuite> <!-- validation.StaticResponseValidation -->
