<?xml version="1.0" encoding="UTF-8"?>
<!-- Generated by org.testng.reporters.JUnitReportReporter -->
<testsuite hostname="DESKTOP-MUG33TE" failures="0" tests="1" name="differentTypesofPostMethod.createProjectByJSONFile" time="2.867" errors="0" timestamp="2023-02-20T14:38:27 IST" skipped="0">
  <testcase classname="differentTypesofPostMethod.createProjectByJSONFile" name="jsonFile" time="2.867"/>
  <system-out/>
</testsuite> <!-- differentTypesofPostMethod.createProjectByJSONFile -->
