<?xml version="1.0" encoding="UTF-8"?>
<!-- Generated by org.testng.reporters.JUnitReportReporter -->
<testsuite hostname="DESKTOP-MUG33TE" failures="0" tests="1" name="serialisation.EmployeeArray" time="0.437" errors="0" timestamp="2023-02-17T12:29:08 IST" skipped="0">
  <testcase classname="serialisation.EmployeeArray" name="employeeArraySerialisation" time="0.437"/>
  <system-out/>
</testsuite> <!-- serialisation.EmployeeArray -->
